13:59:57.687 [http-nio-8080-exec-5] INFO  c.r.rest_demo.model.CloudVendor - CloudVendor Logging is enabled
13:59:57.691 [http-nio-8080-exec-5] DEBUG c.r.rest_demo.model.CloudVendor - debug logging
13:59:58.871 [http-nio-8080-exec-6] INFO  c.r.rest_demo.model.CloudVendor - CloudVendor Logging is enabled
13:59:58.871 [http-nio-8080-exec-6] DEBUG c.r.rest_demo.model.CloudVendor - debug logging
14:00:00.020 [http-nio-8080-exec-7] INFO  c.r.rest_demo.model.CloudVendor - CloudVendor Logging is enabled
14:00:00.021 [http-nio-8080-exec-7] DEBUG c.r.rest_demo.model.CloudVendor - debug logging
14:00:01.080 [http-nio-8080-exec-8] INFO  c.r.rest_demo.model.CloudVendor - CloudVendor Logging is enabled
14:00:01.081 [http-nio-8080-exec-8] DEBUG c.r.rest_demo.model.CloudVendor - debug logging
14:00:02.110 [http-nio-8080-exec-9] INFO  c.r.rest_demo.model.CloudVendor - CloudVendor Logging is enabled
14:00:02.110 [http-nio-8080-exec-9] DEBUG c.r.rest_demo.model.CloudVendor - debug logging
14:00:03.262 [http-nio-8080-exec-10] INFO  c.r.rest_demo.model.CloudVendor - CloudVendor Logging is enabled
14:00:03.262 [http-nio-8080-exec-10] DEBUG c.r.rest_demo.model.CloudVendor - debug logging
14:00:04.842 [http-nio-8080-exec-1] INFO  c.r.rest_demo.model.CloudVendor - CloudVendor Logging is enabled
14:00:04.842 [http-nio-8080-exec-1] DEBUG c.r.rest_demo.model.CloudVendor - debug logging
14:00:07.813 [http-nio-8080-exec-2] INFO  c.r.rest_demo.model.CloudVendor - CloudVendor Logging is enabled
14:00:07.814 [http-nio-8080-exec-2] DEBUG c.r.rest_demo.model.CloudVendor - debug logging
14:03:59.932 [SpringApplicationShutdownHook] INFO  o.s.o.j.LocalContainerEntityManagerFactoryBean - Closing JPA EntityManagerFactory for persistence unit 'default'
14:03:59.935 [SpringApplicationShutdownHook] INFO  com.zaxxer.hikari.HikariDataSource - HikariPool-2 - Shutdown initiated...
14:03:59.962 [SpringApplicationShutdownHook] INFO  com.zaxxer.hikari.HikariDataSource - HikariPool-2 - Shutdown completed.
14:04:08.108 [restartedMain] INFO  c.r.rest_demo.RestDemoApplication - Starting RestDemoApplication using Java 17.0.11 with PID 23967 (/home/tommlyjumah/Intelli-JProjects/rest-demo/target/classes started by tommlyjumah in /home/tommlyjumah/Intelli-JProjects/rest-demo)
14:04:08.112 [restartedMain] DEBUG c.r.rest_demo.RestDemoApplication - Running with Spring Boot v3.3.1, Spring v6.1.10
14:04:08.116 [restartedMain] INFO  c.r.rest_demo.RestDemoApplication - No active profile set, falling back to 1 default profile: "default"
14:04:08.492 [restartedMain] INFO  o.s.b.d.e.DevToolsPropertyDefaultsPostProcessor - Devtools property defaults active! Set 'spring.devtools.add-properties' to 'false' to disable
14:04:08.495 [restartedMain] INFO  o.s.b.d.e.DevToolsPropertyDefaultsPostProcessor - For additional web related logging consider setting the 'logging.level.web' property to 'DEBUG'
14:04:12.661 [restartedMain] INFO  o.s.d.r.c.RepositoryConfigurationDelegate - Bootstrapping Spring Data JPA repositories in DEFAULT mode.
14:04:12.764 [restartedMain] INFO  o.s.d.r.c.RepositoryConfigurationDelegate - Finished Spring Data repository scanning in 80 ms. Found 1 JPA repository interface.
14:04:14.418 [restartedMain] INFO  o.s.b.w.e.tomcat.TomcatWebServer - Tomcat initialized with port 8080 (http)
14:04:14.437 [restartedMain] INFO  o.a.coyote.http11.Http11NioProtocol - Initializing ProtocolHandler ["http-nio-8080"]
14:04:14.445 [restartedMain] INFO  o.a.catalina.core.StandardService - Starting service [Tomcat]
14:04:14.445 [restartedMain] INFO  o.a.catalina.core.StandardEngine - Starting Servlet engine: [Apache Tomcat/10.1.25]
14:04:14.641 [restartedMain] INFO  o.a.c.c.C.[Tomcat].[localhost].[/] - Initializing Spring embedded WebApplicationContext
14:04:14.644 [restartedMain] INFO  o.s.b.w.s.c.ServletWebServerApplicationContext - Root WebApplicationContext: initialization completed in 6145 ms
14:04:14.964 [restartedMain] WARN  o.s.boot.actuate.endpoint.EndpointId - Endpoint ID 'management-dashboard' contains invalid characters, please migrate to a valid format.
14:04:15.359 [restartedMain] INFO  o.h.jpa.internal.util.LogHelper - HHH000204: Processing PersistenceUnitInfo [name: default]
14:04:15.482 [restartedMain] INFO  org.hibernate.Version - HHH000412: Hibernate ORM core version 6.5.2.Final
14:04:15.633 [restartedMain] INFO  o.h.c.i.RegionFactoryInitiator - HHH000026: Second-level cache disabled
14:04:16.448 [restartedMain] INFO  o.s.o.j.p.SpringPersistenceUnitInfo - No LoadTimeWeaver setup: ignoring JPA class transformer
14:04:16.496 [restartedMain] INFO  com.zaxxer.hikari.HikariDataSource - HikariPool-1 - Starting...
14:04:16.842 [restartedMain] INFO  com.zaxxer.hikari.pool.HikariPool - HikariPool-1 - Added connection com.mysql.cj.jdbc.ConnectionImpl@4b0a506d
14:04:16.846 [restartedMain] INFO  com.zaxxer.hikari.HikariDataSource - HikariPool-1 - Start completed.
14:04:16.926 [restartedMain] WARN  org.hibernate.orm.deprecation - HHH90000025: MySQLDialect does not need to be specified explicitly using 'hibernate.dialect' (remove the property setting and it will be selected by default)
14:04:18.269 [restartedMain] INFO  o.h.e.t.j.p.i.JtaPlatformInitiator - HHH000489: No JTA platform available (set 'hibernate.transaction.jta.platform' to enable JTA platform integration)
14:04:18.355 [restartedMain] INFO  o.s.o.j.LocalContainerEntityManagerFactoryBean - Initialized JPA EntityManagerFactory for persistence unit 'default'
14:04:19.310 [restartedMain] WARN  o.s.b.a.o.j.JpaBaseConfiguration$JpaWebConfiguration - spring.jpa.open-in-view is enabled by default. Therefore, database queries may be performed during view rendering. Explicitly configure spring.jpa.open-in-view to disable this warning
14:04:21.666 [restartedMain] INFO  o.s.b.d.a.OptionalLiveReloadServer - LiveReload server is running on port 35729
14:04:21.724 [restartedMain] INFO  o.s.b.a.e.web.EndpointLinksResolver - Exposing 15 endpoints beneath base path '/actuator'
14:04:21.950 [restartedMain] INFO  o.a.coyote.http11.Http11NioProtocol - Starting ProtocolHandler ["http-nio-8080"]
14:04:22.067 [restartedMain] INFO  o.s.b.w.e.tomcat.TomcatWebServer - Tomcat started on port 8080 (http) with context path '/'
14:04:22.127 [restartedMain] INFO  c.r.rest_demo.RestDemoApplication - Started RestDemoApplication in 15.751 seconds (process running for 18.491)
14:05:21.731 [http-nio-8080-exec-2] INFO  o.a.c.c.C.[Tomcat].[localhost].[/] - Initializing Spring DispatcherServlet 'dispatcherServlet'
14:05:21.732 [http-nio-8080-exec-2] INFO  o.s.web.servlet.DispatcherServlet - Initializing Servlet 'dispatcherServlet'
14:05:21.735 [http-nio-8080-exec-2] INFO  o.s.web.servlet.DispatcherServlet - Completed initialization in 3 ms
14:05:21.803 [http-nio-8080-exec-2] INFO  c.r.rest_demo.model.CloudVendor - CloudVendor Logging is enabled
14:05:21.803 [http-nio-8080-exec-2] DEBUG c.r.rest_demo.model.CloudVendor - debug logging
